Build started 30-09-2024 23:29:57.
     1>Project "C:\Users\mssri\Desktop\books\CS566 Speech Processing\KMeans_Algorithm\KMeans_Algorithm\KMeans_Algorithm.vcxproj" on node 2 (build target(s)).
     1>PrepareForBuild:
         Creating directory "C:\Users\mssri\Desktop\books\CS566 Speech Processing\KMeans_Algorithm\Debug\".
       InitializeBuildStatus:
         Creating "Debug\KMeans_Algorithm.unsuccessfulbuild" because "AlwaysCreate" was specified.
       ClCompile:
         C:\VS2010\VC\bin\CL.exe /c /ZI /nologo /W3 /WX- /Od /Oy- /D WIN32 /D _DEBUG /D _CONSOLE /D _UNICODE /D UNICODE /Gm /EHsc /RTC1 /MDd /GS /fp:precise /Zc:wchar_t /Zc:forScope /Yc"StdAfx.h" /Fp"Debug\KMeans_Algorithm.pch" /Fo"Debug\\" /Fd"Debug\vc100.pdb" /Gd /TP /analyze- /errorReport:prompt stdafx.cpp
         stdafx.cpp
         C:\VS2010\VC\bin\CL.exe /c /ZI /nologo /W3 /WX- /Od /Oy- /D WIN32 /D _DEBUG /D _CONSOLE /D _UNICODE /D UNICODE /Gm /EHsc /RTC1 /MDd /GS /fp:precise /Zc:wchar_t /Zc:forScope /Yu"StdAfx.h" /Fp"Debug\KMeans_Algorithm.pch" /Fo"Debug\\" /Fd"Debug\vc100.pdb" /Gd /TP /analyze- /errorReport:prompt KMeans_Algorithm.cpp
         KMeans_Algorithm.cpp
     1>c:\users\mssri\desktop\books\cs566 speech processing\kmeans_algorithm\kmeans_algorithm\kmeans_algorithm.cpp(51): warning C4244: 'argument' : conversion from 'time_t' to 'unsigned int', possible loss of data
       ManifestResourceCompile:
         C:\Program Files (x86)\Microsoft SDKs\Windows\v7.0A\bin\rc.exe /nologo /fo"Debug\KMeans_Algorithm.exe.embed.manifest.res" Debug\KMeans_Algorithm_manifest.rc 
       Link:
         C:\VS2010\VC\bin\link.exe /ERRORREPORT:PROMPT /OUT:"C:\Users\mssri\Desktop\books\CS566 Speech Processing\KMeans_Algorithm\Debug\KMeans_Algorithm.exe" /INCREMENTAL /NOLOGO kernel32.lib user32.lib gdi32.lib winspool.lib comdlg32.lib advapi32.lib shell32.lib ole32.lib oleaut32.lib uuid.lib odbc32.lib odbccp32.lib /MANIFEST /ManifestFile:"Debug\KMeans_Algorithm.exe.intermediate.manifest" /MANIFESTUAC:"level='asInvoker' uiAccess='false'" /DEBUG /PDB:"C:\Users\mssri\Desktop\books\CS566 Speech Processing\KMeans_Algorithm\Debug\KMeans_Algorithm.pdb" /SUBSYSTEM:CONSOLE /TLBID:1 /DYNAMICBASE /NXCOMPAT /IMPLIB:"C:\Users\mssri\Desktop\books\CS566 Speech Processing\KMeans_Algorithm\Debug\KMeans_Algorithm.lib" /MACHINE:X86 Debug\KMeans_Algorithm.exe.embed.manifest.res
         Debug\KMeans_Algorithm.obj
         Debug\stdafx.obj
       Manifest:
         C:\Program Files (x86)\Microsoft SDKs\Windows\v7.0A\bin\mt.exe /nologo /verbose /out:"Debug\KMeans_Algorithm.exe.embed.manifest" /manifest Debug\KMeans_Algorithm.exe.intermediate.manifest
         C:\Program Files (x86)\Microsoft SDKs\Windows\v7.0A\bin\rc.exe /nologo /fo"Debug\KMeans_Algorithm.exe.embed.manifest.res" Debug\KMeans_Algorithm_manifest.rc 
       LinkEmbedManifest:
         C:\VS2010\VC\bin\link.exe /ERRORREPORT:PROMPT /OUT:"C:\Users\mssri\Desktop\books\CS566 Speech Processing\KMeans_Algorithm\Debug\KMeans_Algorithm.exe" /INCREMENTAL /NOLOGO kernel32.lib user32.lib gdi32.lib winspool.lib comdlg32.lib advapi32.lib shell32.lib ole32.lib oleaut32.lib uuid.lib odbc32.lib odbccp32.lib /MANIFEST /ManifestFile:"Debug\KMeans_Algorithm.exe.intermediate.manifest" /MANIFESTUAC:"level='asInvoker' uiAccess='false'" /DEBUG /PDB:"C:\Users\mssri\Desktop\books\CS566 Speech Processing\KMeans_Algorithm\Debug\KMeans_Algorithm.pdb" /SUBSYSTEM:CONSOLE /TLBID:1 /DYNAMICBASE /NXCOMPAT /IMPLIB:"C:\Users\mssri\Desktop\books\CS566 Speech Processing\KMeans_Algorithm\Debug\KMeans_Algorithm.lib" /MACHINE:X86 Debug\KMeans_Algorithm.exe.embed.manifest.res
         Debug\KMeans_Algorithm.obj
         Debug\stdafx.obj
         KMeans_Algorithm.vcxproj -> C:\Users\mssri\Desktop\books\CS566 Speech Processing\KMeans_Algorithm\Debug\KMeans_Algorithm.exe
       FinalizeBuildStatus:
         Deleting file "Debug\KMeans_Algorithm.unsuccessfulbuild".
         Touching "Debug\KMeans_Algorithm.lastbuildstate".
     1>Done Building Project "C:\Users\mssri\Desktop\books\CS566 Speech Processing\KMeans_Algorithm\KMeans_Algorithm\KMeans_Algorithm.vcxproj" (build target(s)).

Build succeeded.

Time Elapsed 00:00:03.19
